<?xml version="1.0" encoding="UTF-8"?>
<testng-results skipped="0" failed="0" ignored="0" total="1" passed="1">
  <reporter-output>
  </reporter-output>
  <suite name="Default suite" duration-ms="2963" started-at="2018-12-29T19:25:57Z" finished-at="2018-12-29T19:26:00Z">
    <groups>
    </groups>
    <test name="Default test" duration-ms="2963" started-at="2018-12-29T19:25:57Z" finished-at="2018-12-29T19:26:00Z">
      <class name="com.qa.tests.PostApiTest$PostAPITest">
        <test-method status="PASS" signature="setUp()[pri:0, instance:com.qa.tests.PostApiTest$PostAPITest@cb5822]" name="setUp" is-config="true" duration-ms="1623" started-at="2018-12-29T19:25:57Z" finished-at="2018-12-29T19:25:59Z">
          <reporter-output>
          </reporter-output>
        </test-method> <!-- setUp -->
        <test-method status="PASS" signature="postTest()[pri:1, instance:com.qa.tests.PostApiTest$PostAPITest@cb5822]" name="postTest" duration-ms="1302" started-at="2018-12-29T19:25:59Z" finished-at="2018-12-29T19:26:00Z">
          <reporter-output>
          </reporter-output>
        </test-method> <!-- postTest -->
      </class> <!-- com.qa.tests.PostApiTest$PostAPITest -->
    </test> <!-- Default test -->
  </suite> <!-- Default suite -->
</testng-results>
